npm ERR! missing script: start

npm ERR! A complete log of this run can be found in:
npm ERR!     /Users/dbechbe/.npm/_logs/2022-03-15T18_30_31_973Z-debug.log
npm ERR! missing script: start

npm ERR! A complete log of this run can be found in:
npm ERR!     /Users/dbechbe/.npm/_logs/2022-03-15T18_42_19_346Z-debug.log

> graph_notebook_widgets@3.2.0 start /Users/dbechbe/Documents/github/aws/graph-notebook/src/graph_notebook/widgets
> webpack-dev-server --config webpack.dev.config.js

[34mℹ[39m [90m｢wds｣[39m: Project is running at http://localhost:9000/
[34mℹ[39m [90m｢wds｣[39m: webpack output is served from /
[34mℹ[39m [90m｢wds｣[39m: Content not from webpack is served from /Users/dbechbe/Documents/github/aws/graph-notebook/src/graph_notebook/widgets/nbextension/static
[34mℹ[39m [90m｢wdm｣[39m: Hash: 9cf4835a7e28e26ff24dd73b45aac914f89fd11d
Version: webpack 4.43.0
Child
    Hash: 9cf4835a7e28e26ff24d
    Time: 3797ms
    Built at: 03/15/2022 12:29:34 PM
               Asset     Size  Chunks                   Chunk Names
        extension.js  386 KiB    main  [emitted]        main
    extension.js.map  438 KiB    main  [emitted] [dev]  main
    Entrypoint main = extension.js extension.js.map
    [0] multi (webpack)-dev-server/client?http://localhost:9000 (webpack)/hot/only-dev-server.js extension.dev.js 52 bytes {main} [built]
    [./node_modules/webpack-dev-server/client/index.js?http://localhost:9000] (webpack)-dev-server/client?http://localhost:9000 4.29 KiB {main} [built]
    [./node_modules/webpack-dev-server/client/overlay.js] (webpack)-dev-server/client/overlay.js 3.51 KiB {main} [built]
    [./node_modules/webpack-dev-server/client/socket.js] (webpack)-dev-server/client/socket.js 1.53 KiB {main} [built]
    [./node_modules/webpack-dev-server/client/utils/createSocketUrl.js] (webpack)-dev-server/client/utils/createSocketUrl.js 2.91 KiB {main} [built]
    [./node_modules/webpack-dev-server/client/utils/log.js] (webpack)-dev-server/client/utils/log.js 964 bytes {main} [built]
    [./node_modules/webpack-dev-server/client/utils/reloadApp.js] (webpack)-dev-server/client/utils/reloadApp.js 1.59 KiB {main} [built]
    [./node_modules/webpack-dev-server/client/utils/sendMessage.js] (webpack)-dev-server/client/utils/sendMessage.js 402 bytes {main} [built]
    [./node_modules/webpack-dev-server/node_modules/strip-ansi/index.js] (webpack)-dev-server/node_modules/strip-ansi/index.js 161 bytes {main} [built]
    [./node_modules/webpack/hot sync ^\.\/log$] (webpack)/hot sync nonrecursive ^\.\/log$ 170 bytes {main} [built]
    [./node_modules/webpack/hot/emitter.js] (webpack)/hot/emitter.js 75 bytes {main} [built]
    [./node_modules/webpack/hot/log-apply-result.js] (webpack)/hot/log-apply-result.js 1.27 KiB {main} [built]
    [./node_modules/webpack/hot/log.js] (webpack)/hot/log.js 1.34 KiB {main} [built]
    [./node_modules/webpack/hot/only-dev-server.js] (webpack)/hot/only-dev-server.js 2.52 KiB {main} [built]
    [./src/extension.dev.js] 391 bytes {main} [built]
        + 21 hidden modules
Child
    Hash: d73b45aac914f89fd11d
    Time: 5169ms
    Built at: 03/15/2022 12:29:36 PM
                               Asset       Size  Chunks                   Chunk Names
            ../../lib/extension.d.ts  114 bytes          [emitted]        
         ../../lib/force_widget.d.ts   9.82 KiB          [emitted]        
    ../../lib/force_widget.spec.d.ts   11 bytes          [emitted]        
                ../../lib/index.d.ts   59 bytes          [emitted]        
            ../../lib/index.dev.d.ts   59 bytes          [emitted]        
               ../../lib/plugin.d.ts  218 bytes          [emitted]        
                ../../lib/types.d.ts    6.3 KiB          [emitted]        
              ../../lib/version.d.ts  262 bytes          [emitted]        
                            index.js   3.49 MiB    main  [emitted]        main
                        index.js.map   4.23 MiB    main  [emitted] [dev]  main
    Entrypoint main = index.js index.js.map
    [0] multi (webpack)-dev-server/client?http://localhost:9000 (webpack)/hot/only-dev-server.js index.dev.ts 52 bytes {main} [built]
    [./node_modules/webpack-dev-server/client/index.js?http://localhost:9000] (webpack)-dev-server/client?http://localhost:9000 4.29 KiB {main} [built]
    [./node_modules/webpack-dev-server/client/overlay.js] (webpack)-dev-server/client/overlay.js 3.51 KiB {main} [built]
    [./node_modules/webpack-dev-server/client/socket.js] (webpack)-dev-server/client/socket.js 1.53 KiB {main} [built]
    [./node_modules/webpack-dev-server/client/utils/createSocketUrl.js] (webpack)-dev-server/client/utils/createSocketUrl.js 2.91 KiB {main} [built]
    [./node_modules/webpack-dev-server/client/utils/log.js] (webpack)-dev-server/client/utils/log.js 964 bytes {main} [built]
    [./node_modules/webpack-dev-server/client/utils/reloadApp.js] (webpack)-dev-server/client/utils/reloadApp.js 1.59 KiB {main} [built]
    [./node_modules/webpack-dev-server/client/utils/sendMessage.js] (webpack)-dev-server/client/utils/sendMessage.js 402 bytes {main} [built]
    [./node_modules/webpack-dev-server/node_modules/strip-ansi/index.js] (webpack)-dev-server/node_modules/strip-ansi/index.js 161 bytes {main} [built]
    [./node_modules/webpack/hot sync ^\.\/log$] (webpack)/hot sync nonrecursive ^\.\/log$ 170 bytes {main} [built]
    [./node_modules/webpack/hot/emitter.js] (webpack)/hot/emitter.js 75 bytes {main} [built]
    [./node_modules/webpack/hot/log-apply-result.js] (webpack)/hot/log-apply-result.js 1.27 KiB {main} [built]
    [./node_modules/webpack/hot/log.js] (webpack)/hot/log.js 1.34 KiB {main} [built]
    [./node_modules/webpack/hot/only-dev-server.js] (webpack)/hot/only-dev-server.js 2.52 KiB {main} [built]
    [./src/index.dev.ts] 459 bytes {main} [built]
        + 37 hidden modules
[34mℹ[39m [90m｢wdm｣[39m: Compiled successfully.

> graph_notebook_widgets@3.2.0 start /Users/dbechbe/Documents/github/aws/graph-notebook/src/graph_notebook/widgets
> webpack-dev-server --config webpack.dev.config.js

[34mℹ[39m [90m｢wds｣[39m: Project is running at http://localhost:9000/
[34mℹ[39m [90m｢wds｣[39m: webpack output is served from /
[34mℹ[39m [90m｢wds｣[39m: Content not from webpack is served from /Users/dbechbe/Documents/github/aws/graph-notebook/src/graph_notebook/widgets/nbextension/static
[34mℹ[39m [90m｢wdm｣[39m: Hash: 9cf4835a7e28e26ff24dd73b45aac914f89fd11d
Version: webpack 4.43.0
Child
    Hash: 9cf4835a7e28e26ff24d
    Time: 5317ms
    Built at: 03/15/2022 12:56:31 PM
               Asset     Size  Chunks                   Chunk Names
        extension.js  386 KiB    main  [emitted]        main
    extension.js.map  438 KiB    main  [emitted] [dev]  main
    Entrypoint main = extension.js extension.js.map
    [0] multi (webpack)-dev-server/client?http://localhost:9000 (webpack)/hot/only-dev-server.js extension.dev.js 52 bytes {main} [built]
    [./node_modules/webpack-dev-server/client/index.js?http://localhost:9000] (webpack)-dev-server/client?http://localhost:9000 4.29 KiB {main} [built]
    [./node_modules/webpack-dev-server/client/overlay.js] (webpack)-dev-server/client/overlay.js 3.51 KiB {main} [built]
    [./node_modules/webpack-dev-server/client/socket.js] (webpack)-dev-server/client/socket.js 1.53 KiB {main} [built]
    [./node_modules/webpack-dev-server/client/utils/createSocketUrl.js] (webpack)-dev-server/client/utils/createSocketUrl.js 2.91 KiB {main} [built]
    [./node_modules/webpack-dev-server/client/utils/log.js] (webpack)-dev-server/client/utils/log.js 964 bytes {main} [built]
    [./node_modules/webpack-dev-server/client/utils/reloadApp.js] (webpack)-dev-server/client/utils/reloadApp.js 1.59 KiB {main} [built]
    [./node_modules/webpack-dev-server/client/utils/sendMessage.js] (webpack)-dev-server/client/utils/sendMessage.js 402 bytes {main} [built]
    [./node_modules/webpack-dev-server/node_modules/strip-ansi/index.js] (webpack)-dev-server/node_modules/strip-ansi/index.js 161 bytes {main} [built]
    [./node_modules/webpack/hot sync ^\.\/log$] (webpack)/hot sync nonrecursive ^\.\/log$ 170 bytes {main} [built]
    [./node_modules/webpack/hot/emitter.js] (webpack)/hot/emitter.js 75 bytes {main} [built]
    [./node_modules/webpack/hot/log-apply-result.js] (webpack)/hot/log-apply-result.js 1.27 KiB {main} [built]
    [./node_modules/webpack/hot/log.js] (webpack)/hot/log.js 1.34 KiB {main} [built]
    [./node_modules/webpack/hot/only-dev-server.js] (webpack)/hot/only-dev-server.js 2.52 KiB {main} [built]
    [./src/extension.dev.js] 391 bytes {main} [built]
        + 21 hidden modules
Child
    Hash: d73b45aac914f89fd11d
    Time: 7461ms
    Built at: 03/15/2022 12:56:33 PM
                               Asset       Size  Chunks                   Chunk Names
            ../../lib/extension.d.ts  114 bytes          [emitted]        
         ../../lib/force_widget.d.ts   9.82 KiB          [emitted]        
    ../../lib/force_widget.spec.d.ts   11 bytes          [emitted]        
                ../../lib/index.d.ts   59 bytes          [emitted]        
            ../../lib/index.dev.d.ts   59 bytes          [emitted]        
               ../../lib/plugin.d.ts  218 bytes          [emitted]        
                ../../lib/types.d.ts    6.3 KiB          [emitted]        
              ../../lib/version.d.ts  262 bytes          [emitted]        
                            index.js   3.49 MiB    main  [emitted]        main
                        index.js.map   4.23 MiB    main  [emitted] [dev]  main
    Entrypoint main = index.js index.js.map
    [0] multi (webpack)-dev-server/client?http://localhost:9000 (webpack)/hot/only-dev-server.js index.dev.ts 52 bytes {main} [built]
    [./node_modules/webpack-dev-server/client/index.js?http://localhost:9000] (webpack)-dev-server/client?http://localhost:9000 4.29 KiB {main} [built]
    [./node_modules/webpack-dev-server/client/overlay.js] (webpack)-dev-server/client/overlay.js 3.51 KiB {main} [built]
    [./node_modules/webpack-dev-server/client/socket.js] (webpack)-dev-server/client/socket.js 1.53 KiB {main} [built]
    [./node_modules/webpack-dev-server/client/utils/createSocketUrl.js] (webpack)-dev-server/client/utils/createSocketUrl.js 2.91 KiB {main} [built]
    [./node_modules/webpack-dev-server/client/utils/log.js] (webpack)-dev-server/client/utils/log.js 964 bytes {main} [built]
    [./node_modules/webpack-dev-server/client/utils/reloadApp.js] (webpack)-dev-server/client/utils/reloadApp.js 1.59 KiB {main} [built]
    [./node_modules/webpack-dev-server/client/utils/sendMessage.js] (webpack)-dev-server/client/utils/sendMessage.js 402 bytes {main} [built]
    [./node_modules/webpack-dev-server/node_modules/strip-ansi/index.js] (webpack)-dev-server/node_modules/strip-ansi/index.js 161 bytes {main} [built]
    [./node_modules/webpack/hot sync ^\.\/log$] (webpack)/hot sync nonrecursive ^\.\/log$ 170 bytes {main} [built]
    [./node_modules/webpack/hot/emitter.js] (webpack)/hot/emitter.js 75 bytes {main} [built]
    [./node_modules/webpack/hot/log-apply-result.js] (webpack)/hot/log-apply-result.js 1.27 KiB {main} [built]
    [./node_modules/webpack/hot/log.js] (webpack)/hot/log.js 1.34 KiB {main} [built]
    [./node_modules/webpack/hot/only-dev-server.js] (webpack)/hot/only-dev-server.js 2.52 KiB {main} [built]
    [./src/index.dev.ts] 459 bytes {main} [built]
        + 37 hidden modules
[34mℹ[39m [90m｢wdm｣[39m: Compiled successfully.

> graph_notebook_widgets@3.2.0 start /Users/dbechbe/Documents/github/aws/graph-notebook/src/graph_notebook/widgets
> webpack-dev-server --config webpack.dev.config.js

[34mℹ[39m [90m｢wds｣[39m: Project is running at http://localhost:9000/
[34mℹ[39m [90m｢wds｣[39m: webpack output is served from /
[34mℹ[39m [90m｢wds｣[39m: Content not from webpack is served from /Users/dbechbe/Documents/github/aws/graph-notebook/src/graph_notebook/widgets/nbextension/static
[34mℹ[39m [90m｢wdm｣[39m: Hash: 9cf4835a7e28e26ff24dd73b45aac914f89fd11d
Version: webpack 4.43.0
Child
    Hash: 9cf4835a7e28e26ff24d
    Time: 4083ms
    Built at: 03/15/2022 1:18:08 PM
               Asset     Size  Chunks                   Chunk Names
        extension.js  386 KiB    main  [emitted]        main
    extension.js.map  438 KiB    main  [emitted] [dev]  main
    Entrypoint main = extension.js extension.js.map
    [0] multi (webpack)-dev-server/client?http://localhost:9000 (webpack)/hot/only-dev-server.js extension.dev.js 52 bytes {main} [built]
    [./node_modules/webpack-dev-server/client/index.js?http://localhost:9000] (webpack)-dev-server/client?http://localhost:9000 4.29 KiB {main} [built]
    [./node_modules/webpack-dev-server/client/overlay.js] (webpack)-dev-server/client/overlay.js 3.51 KiB {main} [built]
    [./node_modules/webpack-dev-server/client/socket.js] (webpack)-dev-server/client/socket.js 1.53 KiB {main} [built]
    [./node_modules/webpack-dev-server/client/utils/createSocketUrl.js] (webpack)-dev-server/client/utils/createSocketUrl.js 2.91 KiB {main} [built]
    [./node_modules/webpack-dev-server/client/utils/log.js] (webpack)-dev-server/client/utils/log.js 964 bytes {main} [built]
    [./node_modules/webpack-dev-server/client/utils/reloadApp.js] (webpack)-dev-server/client/utils/reloadApp.js 1.59 KiB {main} [built]
    [./node_modules/webpack-dev-server/client/utils/sendMessage.js] (webpack)-dev-server/client/utils/sendMessage.js 402 bytes {main} [built]
    [./node_modules/webpack-dev-server/node_modules/strip-ansi/index.js] (webpack)-dev-server/node_modules/strip-ansi/index.js 161 bytes {main} [built]
    [./node_modules/webpack/hot sync ^\.\/log$] (webpack)/hot sync nonrecursive ^\.\/log$ 170 bytes {main} [built]
    [./node_modules/webpack/hot/emitter.js] (webpack)/hot/emitter.js 75 bytes {main} [built]
    [./node_modules/webpack/hot/log-apply-result.js] (webpack)/hot/log-apply-result.js 1.27 KiB {main} [built]
    [./node_modules/webpack/hot/log.js] (webpack)/hot/log.js 1.34 KiB {main} [built]
    [./node_modules/webpack/hot/only-dev-server.js] (webpack)/hot/only-dev-server.js 2.52 KiB {main} [built]
    [./src/extension.dev.js] 391 bytes {main} [built]
        + 21 hidden modules
Child
    Hash: d73b45aac914f89fd11d
    Time: 5966ms
    Built at: 03/15/2022 1:18:10 PM
                               Asset       Size  Chunks                   Chunk Names
            ../../lib/extension.d.ts  114 bytes          [emitted]        
         ../../lib/force_widget.d.ts   9.82 KiB          [emitted]        
    ../../lib/force_widget.spec.d.ts   11 bytes          [emitted]        
                ../../lib/index.d.ts   59 bytes          [emitted]        
            ../../lib/index.dev.d.ts   59 bytes          [emitted]        
               ../../lib/plugin.d.ts  218 bytes          [emitted]        
                ../../lib/types.d.ts    6.3 KiB          [emitted]        
              ../../lib/version.d.ts  262 bytes          [emitted]        
                            index.js   3.49 MiB    main  [emitted]        main
                        index.js.map   4.23 MiB    main  [emitted] [dev]  main
    Entrypoint main = index.js index.js.map
    [0] multi (webpack)-dev-server/client?http://localhost:9000 (webpack)/hot/only-dev-server.js index.dev.ts 52 bytes {main} [built]
    [./node_modules/webpack-dev-server/client/index.js?http://localhost:9000] (webpack)-dev-server/client?http://localhost:9000 4.29 KiB {main} [built]
    [./node_modules/webpack-dev-server/client/overlay.js] (webpack)-dev-server/client/overlay.js 3.51 KiB {main} [built]
    [./node_modules/webpack-dev-server/client/socket.js] (webpack)-dev-server/client/socket.js 1.53 KiB {main} [built]
    [./node_modules/webpack-dev-server/client/utils/createSocketUrl.js] (webpack)-dev-server/client/utils/createSocketUrl.js 2.91 KiB {main} [built]
    [./node_modules/webpack-dev-server/client/utils/log.js] (webpack)-dev-server/client/utils/log.js 964 bytes {main} [built]
    [./node_modules/webpack-dev-server/client/utils/reloadApp.js] (webpack)-dev-server/client/utils/reloadApp.js 1.59 KiB {main} [built]
    [./node_modules/webpack-dev-server/client/utils/sendMessage.js] (webpack)-dev-server/client/utils/sendMessage.js 402 bytes {main} [built]
    [./node_modules/webpack-dev-server/node_modules/strip-ansi/index.js] (webpack)-dev-server/node_modules/strip-ansi/index.js 161 bytes {main} [built]
    [./node_modules/webpack/hot sync ^\.\/log$] (webpack)/hot sync nonrecursive ^\.\/log$ 170 bytes {main} [built]
    [./node_modules/webpack/hot/emitter.js] (webpack)/hot/emitter.js 75 bytes {main} [built]
    [./node_modules/webpack/hot/log-apply-result.js] (webpack)/hot/log-apply-result.js 1.27 KiB {main} [built]
    [./node_modules/webpack/hot/log.js] (webpack)/hot/log.js 1.34 KiB {main} [built]
    [./node_modules/webpack/hot/only-dev-server.js] (webpack)/hot/only-dev-server.js 2.52 KiB {main} [built]
    [./src/index.dev.ts] 459 bytes {main} [built]
        + 37 hidden modules
[34mℹ[39m [90m｢wdm｣[39m: Compiled successfully.

> graph_notebook_widgets@3.2.0 start /Users/dbechbe/Documents/github/aws/graph-notebook/src/graph_notebook/widgets
> webpack-dev-server --config webpack.dev.config.js

[34mℹ[39m [90m｢wds｣[39m: Project is running at http://localhost:9000/
[34mℹ[39m [90m｢wds｣[39m: webpack output is served from /
[34mℹ[39m [90m｢wds｣[39m: Content not from webpack is served from /Users/dbechbe/Documents/github/aws/graph-notebook/src/graph_notebook/widgets/nbextension/static
[34mℹ[39m [90m｢wdm｣[39m: Hash: 9cf4835a7e28e26ff24dd73b45aac914f89fd11d
Version: webpack 4.43.0
Child
    Hash: 9cf4835a7e28e26ff24d
    Time: 6433ms
    Built at: 03/15/2022 1:46:19 PM
               Asset     Size  Chunks                   Chunk Names
        extension.js  386 KiB    main  [emitted]        main
    extension.js.map  438 KiB    main  [emitted] [dev]  main
    Entrypoint main = extension.js extension.js.map
    [0] multi (webpack)-dev-server/client?http://localhost:9000 (webpack)/hot/only-dev-server.js extension.dev.js 52 bytes {main} [built]
    [./node_modules/webpack-dev-server/client/index.js?http://localhost:9000] (webpack)-dev-server/client?http://localhost:9000 4.29 KiB {main} [built]
    [./node_modules/webpack-dev-server/client/overlay.js] (webpack)-dev-server/client/overlay.js 3.51 KiB {main} [built]
    [./node_modules/webpack-dev-server/client/socket.js] (webpack)-dev-server/client/socket.js 1.53 KiB {main} [built]
    [./node_modules/webpack-dev-server/client/utils/createSocketUrl.js] (webpack)-dev-server/client/utils/createSocketUrl.js 2.91 KiB {main} [built]
    [./node_modules/webpack-dev-server/client/utils/log.js] (webpack)-dev-server/client/utils/log.js 964 bytes {main} [built]
    [./node_modules/webpack-dev-server/client/utils/reloadApp.js] (webpack)-dev-server/client/utils/reloadApp.js 1.59 KiB {main} [built]
    [./node_modules/webpack-dev-server/client/utils/sendMessage.js] (webpack)-dev-server/client/utils/sendMessage.js 402 bytes {main} [built]
    [./node_modules/webpack-dev-server/node_modules/strip-ansi/index.js] (webpack)-dev-server/node_modules/strip-ansi/index.js 161 bytes {main} [built]
    [./node_modules/webpack/hot sync ^\.\/log$] (webpack)/hot sync nonrecursive ^\.\/log$ 170 bytes {main} [built]
    [./node_modules/webpack/hot/emitter.js] (webpack)/hot/emitter.js 75 bytes {main} [built]
    [./node_modules/webpack/hot/log-apply-result.js] (webpack)/hot/log-apply-result.js 1.27 KiB {main} [built]
    [./node_modules/webpack/hot/log.js] (webpack)/hot/log.js 1.34 KiB {main} [built]
    [./node_modules/webpack/hot/only-dev-server.js] (webpack)/hot/only-dev-server.js 2.52 KiB {main} [built]
    [./src/extension.dev.js] 391 bytes {main} [built]
        + 21 hidden modules
Child
    Hash: d73b45aac914f89fd11d
    Time: 8292ms
    Built at: 03/15/2022 1:46:21 PM
                               Asset       Size  Chunks                   Chunk Names
            ../../lib/extension.d.ts  114 bytes          [emitted]        
         ../../lib/force_widget.d.ts   9.82 KiB          [emitted]        
    ../../lib/force_widget.spec.d.ts   11 bytes          [emitted]        
                ../../lib/index.d.ts   59 bytes          [emitted]        
            ../../lib/index.dev.d.ts   59 bytes          [emitted]        
               ../../lib/plugin.d.ts  218 bytes          [emitted]        
                ../../lib/types.d.ts    6.3 KiB          [emitted]        
              ../../lib/version.d.ts  262 bytes          [emitted]        
                            index.js   3.49 MiB    main  [emitted]        main
                        index.js.map   4.23 MiB    main  [emitted] [dev]  main
    Entrypoint main = index.js index.js.map
    [0] multi (webpack)-dev-server/client?http://localhost:9000 (webpack)/hot/only-dev-server.js index.dev.ts 52 bytes {main} [built]
    [./node_modules/webpack-dev-server/client/index.js?http://localhost:9000] (webpack)-dev-server/client?http://localhost:9000 4.29 KiB {main} [built]
    [./node_modules/webpack-dev-server/client/overlay.js] (webpack)-dev-server/client/overlay.js 3.51 KiB {main} [built]
    [./node_modules/webpack-dev-server/client/socket.js] (webpack)-dev-server/client/socket.js 1.53 KiB {main} [built]
    [./node_modules/webpack-dev-server/client/utils/createSocketUrl.js] (webpack)-dev-server/client/utils/createSocketUrl.js 2.91 KiB {main} [built]
    [./node_modules/webpack-dev-server/client/utils/log.js] (webpack)-dev-server/client/utils/log.js 964 bytes {main} [built]
    [./node_modules/webpack-dev-server/client/utils/reloadApp.js] (webpack)-dev-server/client/utils/reloadApp.js 1.59 KiB {main} [built]
    [./node_modules/webpack-dev-server/client/utils/sendMessage.js] (webpack)-dev-server/client/utils/sendMessage.js 402 bytes {main} [built]
    [./node_modules/webpack-dev-server/node_modules/strip-ansi/index.js] (webpack)-dev-server/node_modules/strip-ansi/index.js 161 bytes {main} [built]
    [./node_modules/webpack/hot sync ^\.\/log$] (webpack)/hot sync nonrecursive ^\.\/log$ 170 bytes {main} [built]
    [./node_modules/webpack/hot/emitter.js] (webpack)/hot/emitter.js 75 bytes {main} [built]
    [./node_modules/webpack/hot/log-apply-result.js] (webpack)/hot/log-apply-result.js 1.27 KiB {main} [built]
    [./node_modules/webpack/hot/log.js] (webpack)/hot/log.js 1.34 KiB {main} [built]
    [./node_modules/webpack/hot/only-dev-server.js] (webpack)/hot/only-dev-server.js 2.52 KiB {main} [built]
    [./src/index.dev.ts] 459 bytes {main} [built]
        + 37 hidden modules
[34mℹ[39m [90m｢wdm｣[39m: Compiled successfully.

> graph_notebook_widgets@3.2.0 start /Users/dbechbe/Documents/github/aws/graph-notebook/src/graph_notebook/widgets
> webpack-dev-server --config webpack.dev.config.js

[34mℹ[39m [90m｢wds｣[39m: Project is running at http://localhost:9000/
[34mℹ[39m [90m｢wds｣[39m: webpack output is served from /
[34mℹ[39m [90m｢wds｣[39m: Content not from webpack is served from /Users/dbechbe/Documents/github/aws/graph-notebook/src/graph_notebook/widgets/nbextension/static
[34mℹ[39m [90m｢wdm｣[39m: Hash: 9cf4835a7e28e26ff24dd73b45aac914f89fd11d
Version: webpack 4.43.0
Child
    Hash: 9cf4835a7e28e26ff24d
    Time: 3526ms
    Built at: 03/15/2022 1:51:34 PM
               Asset     Size  Chunks                   Chunk Names
        extension.js  386 KiB    main  [emitted]        main
    extension.js.map  438 KiB    main  [emitted] [dev]  main
    Entrypoint main = extension.js extension.js.map
    [0] multi (webpack)-dev-server/client?http://localhost:9000 (webpack)/hot/only-dev-server.js extension.dev.js 52 bytes {main} [built]
    [./node_modules/webpack-dev-server/client/index.js?http://localhost:9000] (webpack)-dev-server/client?http://localhost:9000 4.29 KiB {main} [built]
    [./node_modules/webpack-dev-server/client/overlay.js] (webpack)-dev-server/client/overlay.js 3.51 KiB {main} [built]
    [./node_modules/webpack-dev-server/client/socket.js] (webpack)-dev-server/client/socket.js 1.53 KiB {main} [built]
    [./node_modules/webpack-dev-server/client/utils/createSocketUrl.js] (webpack)-dev-server/client/utils/createSocketUrl.js 2.91 KiB {main} [built]
    [./node_modules/webpack-dev-server/client/utils/log.js] (webpack)-dev-server/client/utils/log.js 964 bytes {main} [built]
    [./node_modules/webpack-dev-server/client/utils/reloadApp.js] (webpack)-dev-server/client/utils/reloadApp.js 1.59 KiB {main} [built]
    [./node_modules/webpack-dev-server/client/utils/sendMessage.js] (webpack)-dev-server/client/utils/sendMessage.js 402 bytes {main} [built]
    [./node_modules/webpack-dev-server/node_modules/strip-ansi/index.js] (webpack)-dev-server/node_modules/strip-ansi/index.js 161 bytes {main} [built]
    [./node_modules/webpack/hot sync ^\.\/log$] (webpack)/hot sync nonrecursive ^\.\/log$ 170 bytes {main} [built]
    [./node_modules/webpack/hot/emitter.js] (webpack)/hot/emitter.js 75 bytes {main} [built]
    [./node_modules/webpack/hot/log-apply-result.js] (webpack)/hot/log-apply-result.js 1.27 KiB {main} [built]
    [./node_modules/webpack/hot/log.js] (webpack)/hot/log.js 1.34 KiB {main} [built]
    [./node_modules/webpack/hot/only-dev-server.js] (webpack)/hot/only-dev-server.js 2.52 KiB {main} [built]
    [./src/extension.dev.js] 391 bytes {main} [built]
        + 21 hidden modules
Child
    Hash: d73b45aac914f89fd11d
    Time: 5212ms
    Built at: 03/15/2022 1:51:36 PM
                               Asset       Size  Chunks                   Chunk Names
            ../../lib/extension.d.ts  114 bytes          [emitted]        
         ../../lib/force_widget.d.ts   9.82 KiB          [emitted]        
    ../../lib/force_widget.spec.d.ts   11 bytes          [emitted]        
                ../../lib/index.d.ts   59 bytes          [emitted]        
            ../../lib/index.dev.d.ts   59 bytes          [emitted]        
               ../../lib/plugin.d.ts  218 bytes          [emitted]        
                ../../lib/types.d.ts    6.3 KiB          [emitted]        
              ../../lib/version.d.ts  262 bytes          [emitted]        
                            index.js   3.49 MiB    main  [emitted]        main
                        index.js.map   4.23 MiB    main  [emitted] [dev]  main
    Entrypoint main = index.js index.js.map
    [0] multi (webpack)-dev-server/client?http://localhost:9000 (webpack)/hot/only-dev-server.js index.dev.ts 52 bytes {main} [built]
    [./node_modules/webpack-dev-server/client/index.js?http://localhost:9000] (webpack)-dev-server/client?http://localhost:9000 4.29 KiB {main} [built]
    [./node_modules/webpack-dev-server/client/overlay.js] (webpack)-dev-server/client/overlay.js 3.51 KiB {main} [built]
    [./node_modules/webpack-dev-server/client/socket.js] (webpack)-dev-server/client/socket.js 1.53 KiB {main} [built]
    [./node_modules/webpack-dev-server/client/utils/createSocketUrl.js] (webpack)-dev-server/client/utils/createSocketUrl.js 2.91 KiB {main} [built]
    [./node_modules/webpack-dev-server/client/utils/log.js] (webpack)-dev-server/client/utils/log.js 964 bytes {main} [built]
    [./node_modules/webpack-dev-server/client/utils/reloadApp.js] (webpack)-dev-server/client/utils/reloadApp.js 1.59 KiB {main} [built]
    [./node_modules/webpack-dev-server/client/utils/sendMessage.js] (webpack)-dev-server/client/utils/sendMessage.js 402 bytes {main} [built]
    [./node_modules/webpack-dev-server/node_modules/strip-ansi/index.js] (webpack)-dev-server/node_modules/strip-ansi/index.js 161 bytes {main} [built]
    [./node_modules/webpack/hot sync ^\.\/log$] (webpack)/hot sync nonrecursive ^\.\/log$ 170 bytes {main} [built]
    [./node_modules/webpack/hot/emitter.js] (webpack)/hot/emitter.js 75 bytes {main} [built]
    [./node_modules/webpack/hot/log-apply-result.js] (webpack)/hot/log-apply-result.js 1.27 KiB {main} [built]
    [./node_modules/webpack/hot/log.js] (webpack)/hot/log.js 1.34 KiB {main} [built]
    [./node_modules/webpack/hot/only-dev-server.js] (webpack)/hot/only-dev-server.js 2.52 KiB {main} [built]
    [./src/index.dev.ts] 459 bytes {main} [built]
        + 37 hidden modules
[34mℹ[39m [90m｢wdm｣[39m: Compiled successfully.

> graph_notebook_widgets@3.2.0 start /Users/dbechbe/Documents/github/aws/graph-notebook/src/graph_notebook/widgets
> webpack-dev-server --config webpack.dev.config.js

[34mℹ[39m [90m｢wds｣[39m: Project is running at http://localhost:9000/
[34mℹ[39m [90m｢wds｣[39m: webpack output is served from /
[34mℹ[39m [90m｢wds｣[39m: Content not from webpack is served from /Users/dbechbe/Documents/github/aws/graph-notebook/src/graph_notebook/widgets/nbextension/static
[34mℹ[39m [90m｢wdm｣[39m: Hash: 9cf4835a7e28e26ff24dd73b45aac914f89fd11d
Version: webpack 4.43.0
Child
    Hash: 9cf4835a7e28e26ff24d
    Time: 3413ms
    Built at: 03/15/2022 1:59:09 PM
               Asset     Size  Chunks                   Chunk Names
        extension.js  386 KiB    main  [emitted]        main
    extension.js.map  438 KiB    main  [emitted] [dev]  main
    Entrypoint main = extension.js extension.js.map
    [0] multi (webpack)-dev-server/client?http://localhost:9000 (webpack)/hot/only-dev-server.js extension.dev.js 52 bytes {main} [built]
    [./node_modules/webpack-dev-server/client/index.js?http://localhost:9000] (webpack)-dev-server/client?http://localhost:9000 4.29 KiB {main} [built]
    [./node_modules/webpack-dev-server/client/overlay.js] (webpack)-dev-server/client/overlay.js 3.51 KiB {main} [built]
    [./node_modules/webpack-dev-server/client/socket.js] (webpack)-dev-server/client/socket.js 1.53 KiB {main} [built]
    [./node_modules/webpack-dev-server/client/utils/createSocketUrl.js] (webpack)-dev-server/client/utils/createSocketUrl.js 2.91 KiB {main} [built]
    [./node_modules/webpack-dev-server/client/utils/log.js] (webpack)-dev-server/client/utils/log.js 964 bytes {main} [built]
    [./node_modules/webpack-dev-server/client/utils/reloadApp.js] (webpack)-dev-server/client/utils/reloadApp.js 1.59 KiB {main} [built]
    [./node_modules/webpack-dev-server/client/utils/sendMessage.js] (webpack)-dev-server/client/utils/sendMessage.js 402 bytes {main} [built]
    [./node_modules/webpack-dev-server/node_modules/strip-ansi/index.js] (webpack)-dev-server/node_modules/strip-ansi/index.js 161 bytes {main} [built]
    [./node_modules/webpack/hot sync ^\.\/log$] (webpack)/hot sync nonrecursive ^\.\/log$ 170 bytes {main} [built]
    [./node_modules/webpack/hot/emitter.js] (webpack)/hot/emitter.js 75 bytes {main} [built]
    [./node_modules/webpack/hot/log-apply-result.js] (webpack)/hot/log-apply-result.js 1.27 KiB {main} [built]
    [./node_modules/webpack/hot/log.js] (webpack)/hot/log.js 1.34 KiB {main} [built]
    [./node_modules/webpack/hot/only-dev-server.js] (webpack)/hot/only-dev-server.js 2.52 KiB {main} [built]
    [./src/extension.dev.js] 391 bytes {main} [built]
        + 21 hidden modules
Child
    Hash: d73b45aac914f89fd11d
    Time: 4883ms
    Built at: 03/15/2022 1:59:10 PM
                               Asset       Size  Chunks                   Chunk Names
            ../../lib/extension.d.ts  114 bytes          [emitted]        
         ../../lib/force_widget.d.ts   9.82 KiB          [emitted]        
    ../../lib/force_widget.spec.d.ts   11 bytes          [emitted]        
                ../../lib/index.d.ts   59 bytes          [emitted]        
            ../../lib/index.dev.d.ts   59 bytes          [emitted]        
               ../../lib/plugin.d.ts  218 bytes          [emitted]        
                ../../lib/types.d.ts    6.3 KiB          [emitted]        
              ../../lib/version.d.ts  262 bytes          [emitted]        
                            index.js   3.49 MiB    main  [emitted]        main
                        index.js.map   4.23 MiB    main  [emitted] [dev]  main
    Entrypoint main = index.js index.js.map
    [0] multi (webpack)-dev-server/client?http://localhost:9000 (webpack)/hot/only-dev-server.js index.dev.ts 52 bytes {main} [built]
    [./node_modules/webpack-dev-server/client/index.js?http://localhost:9000] (webpack)-dev-server/client?http://localhost:9000 4.29 KiB {main} [built]
    [./node_modules/webpack-dev-server/client/overlay.js] (webpack)-dev-server/client/overlay.js 3.51 KiB {main} [built]
    [./node_modules/webpack-dev-server/client/socket.js] (webpack)-dev-server/client/socket.js 1.53 KiB {main} [built]
    [./node_modules/webpack-dev-server/client/utils/createSocketUrl.js] (webpack)-dev-server/client/utils/createSocketUrl.js 2.91 KiB {main} [built]
    [./node_modules/webpack-dev-server/client/utils/log.js] (webpack)-dev-server/client/utils/log.js 964 bytes {main} [built]
    [./node_modules/webpack-dev-server/client/utils/reloadApp.js] (webpack)-dev-server/client/utils/reloadApp.js 1.59 KiB {main} [built]
    [./node_modules/webpack-dev-server/client/utils/sendMessage.js] (webpack)-dev-server/client/utils/sendMessage.js 402 bytes {main} [built]
    [./node_modules/webpack-dev-server/node_modules/strip-ansi/index.js] (webpack)-dev-server/node_modules/strip-ansi/index.js 161 bytes {main} [built]
    [./node_modules/webpack/hot sync ^\.\/log$] (webpack)/hot sync nonrecursive ^\.\/log$ 170 bytes {main} [built]
    [./node_modules/webpack/hot/emitter.js] (webpack)/hot/emitter.js 75 bytes {main} [built]
    [./node_modules/webpack/hot/log-apply-result.js] (webpack)/hot/log-apply-result.js 1.27 KiB {main} [built]
    [./node_modules/webpack/hot/log.js] (webpack)/hot/log.js 1.34 KiB {main} [built]
    [./node_modules/webpack/hot/only-dev-server.js] (webpack)/hot/only-dev-server.js 2.52 KiB {main} [built]
    [./src/index.dev.ts] 459 bytes {main} [built]
        + 37 hidden modules
[34mℹ[39m [90m｢wdm｣[39m: Compiled successfully.

> graph_notebook_widgets@3.2.0 start /Users/dbechbe/Documents/github/aws/graph-notebook/src/graph_notebook/widgets
> webpack-dev-server --config webpack.dev.config.js

[34mℹ[39m [90m｢wds｣[39m: Project is running at http://localhost:9000/
[34mℹ[39m [90m｢wds｣[39m: webpack output is served from /
[34mℹ[39m [90m｢wds｣[39m: Content not from webpack is served from /Users/dbechbe/Documents/github/aws/graph-notebook/src/graph_notebook/widgets/nbextension/static
[34mℹ[39m [90m｢wdm｣[39m: Hash: 9cf4835a7e28e26ff24dd73b45aac914f89fd11d
Version: webpack 4.43.0
Child
    Hash: 9cf4835a7e28e26ff24d
    Time: 4776ms
    Built at: 03/15/2022 2:22:38 PM
               Asset     Size  Chunks                   Chunk Names
        extension.js  386 KiB    main  [emitted]        main
    extension.js.map  438 KiB    main  [emitted] [dev]  main
    Entrypoint main = extension.js extension.js.map
    [0] multi (webpack)-dev-server/client?http://localhost:9000 (webpack)/hot/only-dev-server.js extension.dev.js 52 bytes {main} [built]
    [./node_modules/webpack-dev-server/client/index.js?http://localhost:9000] (webpack)-dev-server/client?http://localhost:9000 4.29 KiB {main} [built]
    [./node_modules/webpack-dev-server/client/overlay.js] (webpack)-dev-server/client/overlay.js 3.51 KiB {main} [built]
    [./node_modules/webpack-dev-server/client/socket.js] (webpack)-dev-server/client/socket.js 1.53 KiB {main} [built]
    [./node_modules/webpack-dev-server/client/utils/createSocketUrl.js] (webpack)-dev-server/client/utils/createSocketUrl.js 2.91 KiB {main} [built]
    [./node_modules/webpack-dev-server/client/utils/log.js] (webpack)-dev-server/client/utils/log.js 964 bytes {main} [built]
    [./node_modules/webpack-dev-server/client/utils/reloadApp.js] (webpack)-dev-server/client/utils/reloadApp.js 1.59 KiB {main} [built]
    [./node_modules/webpack-dev-server/client/utils/sendMessage.js] (webpack)-dev-server/client/utils/sendMessage.js 402 bytes {main} [built]
    [./node_modules/webpack-dev-server/node_modules/strip-ansi/index.js] (webpack)-dev-server/node_modules/strip-ansi/index.js 161 bytes {main} [built]
    [./node_modules/webpack/hot sync ^\.\/log$] (webpack)/hot sync nonrecursive ^\.\/log$ 170 bytes {main} [built]
    [./node_modules/webpack/hot/emitter.js] (webpack)/hot/emitter.js 75 bytes {main} [built]
    [./node_modules/webpack/hot/log-apply-result.js] (webpack)/hot/log-apply-result.js 1.27 KiB {main} [built]
    [./node_modules/webpack/hot/log.js] (webpack)/hot/log.js 1.34 KiB {main} [built]
    [./node_modules/webpack/hot/only-dev-server.js] (webpack)/hot/only-dev-server.js 2.52 KiB {main} [built]
    [./src/extension.dev.js] 391 bytes {main} [built]
        + 21 hidden modules
Child
    Hash: d73b45aac914f89fd11d
    Time: 6658ms
    Built at: 03/15/2022 2:22:40 PM
                               Asset       Size  Chunks                   Chunk Names
            ../../lib/extension.d.ts  114 bytes          [emitted]        
         ../../lib/force_widget.d.ts   9.82 KiB          [emitted]        
    ../../lib/force_widget.spec.d.ts   11 bytes          [emitted]        
                ../../lib/index.d.ts   59 bytes          [emitted]        
            ../../lib/index.dev.d.ts   59 bytes          [emitted]        
               ../../lib/plugin.d.ts  218 bytes          [emitted]        
                ../../lib/types.d.ts    6.3 KiB          [emitted]        
              ../../lib/version.d.ts  262 bytes          [emitted]        
                            index.js   3.49 MiB    main  [emitted]        main
                        index.js.map   4.23 MiB    main  [emitted] [dev]  main
    Entrypoint main = index.js index.js.map
    [0] multi (webpack)-dev-server/client?http://localhost:9000 (webpack)/hot/only-dev-server.js index.dev.ts 52 bytes {main} [built]
    [./node_modules/webpack-dev-server/client/index.js?http://localhost:9000] (webpack)-dev-server/client?http://localhost:9000 4.29 KiB {main} [built]
    [./node_modules/webpack-dev-server/client/overlay.js] (webpack)-dev-server/client/overlay.js 3.51 KiB {main} [built]
    [./node_modules/webpack-dev-server/client/socket.js] (webpack)-dev-server/client/socket.js 1.53 KiB {main} [built]
    [./node_modules/webpack-dev-server/client/utils/createSocketUrl.js] (webpack)-dev-server/client/utils/createSocketUrl.js 2.91 KiB {main} [built]
    [./node_modules/webpack-dev-server/client/utils/log.js] (webpack)-dev-server/client/utils/log.js 964 bytes {main} [built]
    [./node_modules/webpack-dev-server/client/utils/reloadApp.js] (webpack)-dev-server/client/utils/reloadApp.js 1.59 KiB {main} [built]
    [./node_modules/webpack-dev-server/client/utils/sendMessage.js] (webpack)-dev-server/client/utils/sendMessage.js 402 bytes {main} [built]
    [./node_modules/webpack-dev-server/node_modules/strip-ansi/index.js] (webpack)-dev-server/node_modules/strip-ansi/index.js 161 bytes {main} [built]
    [./node_modules/webpack/hot sync ^\.\/log$] (webpack)/hot sync nonrecursive ^\.\/log$ 170 bytes {main} [built]
    [./node_modules/webpack/hot/emitter.js] (webpack)/hot/emitter.js 75 bytes {main} [built]
    [./node_modules/webpack/hot/log-apply-result.js] (webpack)/hot/log-apply-result.js 1.27 KiB {main} [built]
    [./node_modules/webpack/hot/log.js] (webpack)/hot/log.js 1.34 KiB {main} [built]
    [./node_modules/webpack/hot/only-dev-server.js] (webpack)/hot/only-dev-server.js 2.52 KiB {main} [built]
    [./src/index.dev.ts] 459 bytes {main} [built]
        + 37 hidden modules
[34mℹ[39m [90m｢wdm｣[39m: Compiled successfully.

> graph_notebook_widgets@3.2.0 start /Users/dbechbe/Documents/github/aws/graph-notebook/src/graph_notebook/widgets
> webpack-dev-server --config webpack.dev.config.js

[34mℹ[39m [90m｢wds｣[39m: Project is running at http://localhost:9000/
[34mℹ[39m [90m｢wds｣[39m: webpack output is served from /
[34mℹ[39m [90m｢wds｣[39m: Content not from webpack is served from /Users/dbechbe/Documents/github/aws/graph-notebook/src/graph_notebook/widgets/nbextension/static
[34mℹ[39m [90m｢wdm｣[39m: Hash: 9cf4835a7e28e26ff24dd73b45aac914f89fd11d
Version: webpack 4.43.0
Child
    Hash: 9cf4835a7e28e26ff24d
    Time: 4552ms
    Built at: 03/15/2022 2:26:17 PM
               Asset     Size  Chunks                   Chunk Names
        extension.js  386 KiB    main  [emitted]        main
    extension.js.map  438 KiB    main  [emitted] [dev]  main
    Entrypoint main = extension.js extension.js.map
    [0] multi (webpack)-dev-server/client?http://localhost:9000 (webpack)/hot/only-dev-server.js extension.dev.js 52 bytes {main} [built]
    [./node_modules/webpack-dev-server/client/index.js?http://localhost:9000] (webpack)-dev-server/client?http://localhost:9000 4.29 KiB {main} [built]
    [./node_modules/webpack-dev-server/client/overlay.js] (webpack)-dev-server/client/overlay.js 3.51 KiB {main} [built]
    [./node_modules/webpack-dev-server/client/socket.js] (webpack)-dev-server/client/socket.js 1.53 KiB {main} [built]
    [./node_modules/webpack-dev-server/client/utils/createSocketUrl.js] (webpack)-dev-server/client/utils/createSocketUrl.js 2.91 KiB {main} [built]
    [./node_modules/webpack-dev-server/client/utils/log.js] (webpack)-dev-server/client/utils/log.js 964 bytes {main} [built]
    [./node_modules/webpack-dev-server/client/utils/reloadApp.js] (webpack)-dev-server/client/utils/reloadApp.js 1.59 KiB {main} [built]
    [./node_modules/webpack-dev-server/client/utils/sendMessage.js] (webpack)-dev-server/client/utils/sendMessage.js 402 bytes {main} [built]
    [./node_modules/webpack-dev-server/node_modules/strip-ansi/index.js] (webpack)-dev-server/node_modules/strip-ansi/index.js 161 bytes {main} [built]
    [./node_modules/webpack/hot sync ^\.\/log$] (webpack)/hot sync nonrecursive ^\.\/log$ 170 bytes {main} [built]
    [./node_modules/webpack/hot/emitter.js] (webpack)/hot/emitter.js 75 bytes {main} [built]
    [./node_modules/webpack/hot/log-apply-result.js] (webpack)/hot/log-apply-result.js 1.27 KiB {main} [built]
    [./node_modules/webpack/hot/log.js] (webpack)/hot/log.js 1.34 KiB {main} [built]
    [./node_modules/webpack/hot/only-dev-server.js] (webpack)/hot/only-dev-server.js 2.52 KiB {main} [built]
    [./src/extension.dev.js] 391 bytes {main} [built]
        + 21 hidden modules
Child
    Hash: d73b45aac914f89fd11d
    Time: 7000ms
    Built at: 03/15/2022 2:26:20 PM
                               Asset       Size  Chunks                   Chunk Names
            ../../lib/extension.d.ts  114 bytes          [emitted]        
         ../../lib/force_widget.d.ts   9.82 KiB          [emitted]        
    ../../lib/force_widget.spec.d.ts   11 bytes          [emitted]        
                ../../lib/index.d.ts   59 bytes          [emitted]        
            ../../lib/index.dev.d.ts   59 bytes          [emitted]        
               ../../lib/plugin.d.ts  218 bytes          [emitted]        
                ../../lib/types.d.ts    6.3 KiB          [emitted]        
              ../../lib/version.d.ts  262 bytes          [emitted]        
                            index.js   3.49 MiB    main  [emitted]        main
                        index.js.map   4.23 MiB    main  [emitted] [dev]  main
    Entrypoint main = index.js index.js.map
    [0] multi (webpack)-dev-server/client?http://localhost:9000 (webpack)/hot/only-dev-server.js index.dev.ts 52 bytes {main} [built]
    [./node_modules/webpack-dev-server/client/index.js?http://localhost:9000] (webpack)-dev-server/client?http://localhost:9000 4.29 KiB {main} [built]
    [./node_modules/webpack-dev-server/client/overlay.js] (webpack)-dev-server/client/overlay.js 3.51 KiB {main} [built]
    [./node_modules/webpack-dev-server/client/socket.js] (webpack)-dev-server/client/socket.js 1.53 KiB {main} [built]
    [./node_modules/webpack-dev-server/client/utils/createSocketUrl.js] (webpack)-dev-server/client/utils/createSocketUrl.js 2.91 KiB {main} [built]
    [./node_modules/webpack-dev-server/client/utils/log.js] (webpack)-dev-server/client/utils/log.js 964 bytes {main} [built]
    [./node_modules/webpack-dev-server/client/utils/reloadApp.js] (webpack)-dev-server/client/utils/reloadApp.js 1.59 KiB {main} [built]
    [./node_modules/webpack-dev-server/client/utils/sendMessage.js] (webpack)-dev-server/client/utils/sendMessage.js 402 bytes {main} [built]
    [./node_modules/webpack-dev-server/node_modules/strip-ansi/index.js] (webpack)-dev-server/node_modules/strip-ansi/index.js 161 bytes {main} [built]
    [./node_modules/webpack/hot sync ^\.\/log$] (webpack)/hot sync nonrecursive ^\.\/log$ 170 bytes {main} [built]
    [./node_modules/webpack/hot/emitter.js] (webpack)/hot/emitter.js 75 bytes {main} [built]
    [./node_modules/webpack/hot/log-apply-result.js] (webpack)/hot/log-apply-result.js 1.27 KiB {main} [built]
    [./node_modules/webpack/hot/log.js] (webpack)/hot/log.js 1.34 KiB {main} [built]
    [./node_modules/webpack/hot/only-dev-server.js] (webpack)/hot/only-dev-server.js 2.52 KiB {main} [built]
    [./src/index.dev.ts] 459 bytes {main} [built]
        + 37 hidden modules
[34mℹ[39m [90m｢wdm｣[39m: Compiled successfully.

> graph_notebook_widgets@3.2.0 start /Users/dbechbe/Documents/github/aws/graph-notebook/src/graph_notebook/widgets
> webpack-dev-server --config webpack.dev.config.js

[34mℹ[39m [90m｢wds｣[39m: Project is running at http://localhost:9000/
[34mℹ[39m [90m｢wds｣[39m: webpack output is served from /
[34mℹ[39m [90m｢wds｣[39m: Content not from webpack is served from /Users/dbechbe/Documents/github/aws/graph-notebook/src/graph_notebook/widgets/nbextension/static
[34mℹ[39m [90m｢wdm｣[39m: Hash: 9cf4835a7e28e26ff24dd73b45aac914f89fd11d
Version: webpack 4.43.0
Child
    Hash: 9cf4835a7e28e26ff24d
    Time: 4112ms
    Built at: 03/15/2022 2:30:42 PM
               Asset     Size  Chunks                   Chunk Names
        extension.js  386 KiB    main  [emitted]        main
    extension.js.map  438 KiB    main  [emitted] [dev]  main
    Entrypoint main = extension.js extension.js.map
    [0] multi (webpack)-dev-server/client?http://localhost:9000 (webpack)/hot/only-dev-server.js extension.dev.js 52 bytes {main} [built]
    [./node_modules/webpack-dev-server/client/index.js?http://localhost:9000] (webpack)-dev-server/client?http://localhost:9000 4.29 KiB {main} [built]
    [./node_modules/webpack-dev-server/client/overlay.js] (webpack)-dev-server/client/overlay.js 3.51 KiB {main} [built]
    [./node_modules/webpack-dev-server/client/socket.js] (webpack)-dev-server/client/socket.js 1.53 KiB {main} [built]
    [./node_modules/webpack-dev-server/client/utils/createSocketUrl.js] (webpack)-dev-server/client/utils/createSocketUrl.js 2.91 KiB {main} [built]
    [./node_modules/webpack-dev-server/client/utils/log.js] (webpack)-dev-server/client/utils/log.js 964 bytes {main} [built]
    [./node_modules/webpack-dev-server/client/utils/reloadApp.js] (webpack)-dev-server/client/utils/reloadApp.js 1.59 KiB {main} [built]
    [./node_modules/webpack-dev-server/client/utils/sendMessage.js] (webpack)-dev-server/client/utils/sendMessage.js 402 bytes {main} [built]
    [./node_modules/webpack-dev-server/node_modules/strip-ansi/index.js] (webpack)-dev-server/node_modules/strip-ansi/index.js 161 bytes {main} [built]
    [./node_modules/webpack/hot sync ^\.\/log$] (webpack)/hot sync nonrecursive ^\.\/log$ 170 bytes {main} [built]
    [./node_modules/webpack/hot/emitter.js] (webpack)/hot/emitter.js 75 bytes {main} [built]
    [./node_modules/webpack/hot/log-apply-result.js] (webpack)/hot/log-apply-result.js 1.27 KiB {main} [built]
    [./node_modules/webpack/hot/log.js] (webpack)/hot/log.js 1.34 KiB {main} [built]
    [./node_modules/webpack/hot/only-dev-server.js] (webpack)/hot/only-dev-server.js 2.52 KiB {main} [built]
    [./src/extension.dev.js] 391 bytes {main} [built]
        + 21 hidden modules
Child
    Hash: d73b45aac914f89fd11d
    Time: 5903ms
    Built at: 03/15/2022 2:30:44 PM
                               Asset       Size  Chunks                   Chunk Names
            ../../lib/extension.d.ts  114 bytes          [emitted]        
         ../../lib/force_widget.d.ts   9.82 KiB          [emitted]        
    ../../lib/force_widget.spec.d.ts   11 bytes          [emitted]        
                ../../lib/index.d.ts   59 bytes          [emitted]        
            ../../lib/index.dev.d.ts   59 bytes          [emitted]        
               ../../lib/plugin.d.ts  218 bytes          [emitted]        
                ../../lib/types.d.ts    6.3 KiB          [emitted]        
              ../../lib/version.d.ts  262 bytes          [emitted]        
                            index.js   3.49 MiB    main  [emitted]        main
                        index.js.map   4.23 MiB    main  [emitted] [dev]  main
    Entrypoint main = index.js index.js.map
    [0] multi (webpack)-dev-server/client?http://localhost:9000 (webpack)/hot/only-dev-server.js index.dev.ts 52 bytes {main} [built]
    [./node_modules/webpack-dev-server/client/index.js?http://localhost:9000] (webpack)-dev-server/client?http://localhost:9000 4.29 KiB {main} [built]
    [./node_modules/webpack-dev-server/client/overlay.js] (webpack)-dev-server/client/overlay.js 3.51 KiB {main} [built]
    [./node_modules/webpack-dev-server/client/socket.js] (webpack)-dev-server/client/socket.js 1.53 KiB {main} [built]
    [./node_modules/webpack-dev-server/client/utils/createSocketUrl.js] (webpack)-dev-server/client/utils/createSocketUrl.js 2.91 KiB {main} [built]
    [./node_modules/webpack-dev-server/client/utils/log.js] (webpack)-dev-server/client/utils/log.js 964 bytes {main} [built]
    [./node_modules/webpack-dev-server/client/utils/reloadApp.js] (webpack)-dev-server/client/utils/reloadApp.js 1.59 KiB {main} [built]
    [./node_modules/webpack-dev-server/client/utils/sendMessage.js] (webpack)-dev-server/client/utils/sendMessage.js 402 bytes {main} [built]
    [./node_modules/webpack-dev-server/node_modules/strip-ansi/index.js] (webpack)-dev-server/node_modules/strip-ansi/index.js 161 bytes {main} [built]
    [./node_modules/webpack/hot sync ^\.\/log$] (webpack)/hot sync nonrecursive ^\.\/log$ 170 bytes {main} [built]
    [./node_modules/webpack/hot/emitter.js] (webpack)/hot/emitter.js 75 bytes {main} [built]
    [./node_modules/webpack/hot/log-apply-result.js] (webpack)/hot/log-apply-result.js 1.27 KiB {main} [built]
    [./node_modules/webpack/hot/log.js] (webpack)/hot/log.js 1.34 KiB {main} [built]
    [./node_modules/webpack/hot/only-dev-server.js] (webpack)/hot/only-dev-server.js 2.52 KiB {main} [built]
    [./src/index.dev.ts] 459 bytes {main} [built]
        + 37 hidden modules
[34mℹ[39m [90m｢wdm｣[39m: Compiled successfully.

> graph_notebook_widgets@3.2.0 start /Users/dbechbe/Documents/github/aws/graph-notebook/src/graph_notebook/widgets
> webpack-dev-server --config webpack.dev.config.js

[34mℹ[39m [90m｢wds｣[39m: Project is running at http://localhost:9000/
[34mℹ[39m [90m｢wds｣[39m: webpack output is served from /
[34mℹ[39m [90m｢wds｣[39m: Content not from webpack is served from /Users/dbechbe/Documents/github/aws/graph-notebook/src/graph_notebook/widgets/nbextension/static
[34mℹ[39m [90m｢wdm｣[39m: Hash: 9cf4835a7e28e26ff24dd73b45aac914f89fd11d
Version: webpack 4.43.0
Child
    Hash: 9cf4835a7e28e26ff24d
    Time: 4100ms
    Built at: 03/15/2022 2:34:09 PM
               Asset     Size  Chunks                   Chunk Names
        extension.js  386 KiB    main  [emitted]        main
    extension.js.map  438 KiB    main  [emitted] [dev]  main
    Entrypoint main = extension.js extension.js.map
    [0] multi (webpack)-dev-server/client?http://localhost:9000 (webpack)/hot/only-dev-server.js extension.dev.js 52 bytes {main} [built]
    [./node_modules/webpack-dev-server/client/index.js?http://localhost:9000] (webpack)-dev-server/client?http://localhost:9000 4.29 KiB {main} [built]
    [./node_modules/webpack-dev-server/client/overlay.js] (webpack)-dev-server/client/overlay.js 3.51 KiB {main} [built]
    [./node_modules/webpack-dev-server/client/socket.js] (webpack)-dev-server/client/socket.js 1.53 KiB {main} [built]
    [./node_modules/webpack-dev-server/client/utils/createSocketUrl.js] (webpack)-dev-server/client/utils/createSocketUrl.js 2.91 KiB {main} [built]
    [./node_modules/webpack-dev-server/client/utils/log.js] (webpack)-dev-server/client/utils/log.js 964 bytes {main} [built]
    [./node_modules/webpack-dev-server/client/utils/reloadApp.js] (webpack)-dev-server/client/utils/reloadApp.js 1.59 KiB {main} [built]
    [./node_modules/webpack-dev-server/client/utils/sendMessage.js] (webpack)-dev-server/client/utils/sendMessage.js 402 bytes {main} [built]
    [./node_modules/webpack-dev-server/node_modules/strip-ansi/index.js] (webpack)-dev-server/node_modules/strip-ansi/index.js 161 bytes {main} [built]
    [./node_modules/webpack/hot sync ^\.\/log$] (webpack)/hot sync nonrecursive ^\.\/log$ 170 bytes {main} [built]
    [./node_modules/webpack/hot/emitter.js] (webpack)/hot/emitter.js 75 bytes {main} [built]
    [./node_modules/webpack/hot/log-apply-result.js] (webpack)/hot/log-apply-result.js 1.27 KiB {main} [built]
    [./node_modules/webpack/hot/log.js] (webpack)/hot/log.js 1.34 KiB {main} [built]
    [./node_modules/webpack/hot/only-dev-server.js] (webpack)/hot/only-dev-server.js 2.52 KiB {main} [built]
    [./src/extension.dev.js] 391 bytes {main} [built]
        + 21 hidden modules
Child
    Hash: d73b45aac914f89fd11d
    Time: 5831ms
    Built at: 03/15/2022 2:34:11 PM
                               Asset       Size  Chunks                   Chunk Names
            ../../lib/extension.d.ts  114 bytes          [emitted]        
         ../../lib/force_widget.d.ts   9.82 KiB          [emitted]        
    ../../lib/force_widget.spec.d.ts   11 bytes          [emitted]        
                ../../lib/index.d.ts   59 bytes          [emitted]        
            ../../lib/index.dev.d.ts   59 bytes          [emitted]        
               ../../lib/plugin.d.ts  218 bytes          [emitted]        
                ../../lib/types.d.ts    6.3 KiB          [emitted]        
              ../../lib/version.d.ts  262 bytes          [emitted]        
                            index.js   3.49 MiB    main  [emitted]        main
                        index.js.map   4.23 MiB    main  [emitted] [dev]  main
    Entrypoint main = index.js index.js.map
    [0] multi (webpack)-dev-server/client?http://localhost:9000 (webpack)/hot/only-dev-server.js index.dev.ts 52 bytes {main} [built]
    [./node_modules/webpack-dev-server/client/index.js?http://localhost:9000] (webpack)-dev-server/client?http://localhost:9000 4.29 KiB {main} [built]
    [./node_modules/webpack-dev-server/client/overlay.js] (webpack)-dev-server/client/overlay.js 3.51 KiB {main} [built]
    [./node_modules/webpack-dev-server/client/socket.js] (webpack)-dev-server/client/socket.js 1.53 KiB {main} [built]
    [./node_modules/webpack-dev-server/client/utils/createSocketUrl.js] (webpack)-dev-server/client/utils/createSocketUrl.js 2.91 KiB {main} [built]
    [./node_modules/webpack-dev-server/client/utils/log.js] (webpack)-dev-server/client/utils/log.js 964 bytes {main} [built]
    [./node_modules/webpack-dev-server/client/utils/reloadApp.js] (webpack)-dev-server/client/utils/reloadApp.js 1.59 KiB {main} [built]
    [./node_modules/webpack-dev-server/client/utils/sendMessage.js] (webpack)-dev-server/client/utils/sendMessage.js 402 bytes {main} [built]
    [./node_modules/webpack-dev-server/node_modules/strip-ansi/index.js] (webpack)-dev-server/node_modules/strip-ansi/index.js 161 bytes {main} [built]
    [./node_modules/webpack/hot sync ^\.\/log$] (webpack)/hot sync nonrecursive ^\.\/log$ 170 bytes {main} [built]
    [./node_modules/webpack/hot/emitter.js] (webpack)/hot/emitter.js 75 bytes {main} [built]
    [./node_modules/webpack/hot/log-apply-result.js] (webpack)/hot/log-apply-result.js 1.27 KiB {main} [built]
    [./node_modules/webpack/hot/log.js] (webpack)/hot/log.js 1.34 KiB {main} [built]
    [./node_modules/webpack/hot/only-dev-server.js] (webpack)/hot/only-dev-server.js 2.52 KiB {main} [built]
    [./src/index.dev.ts] 459 bytes {main} [built]
        + 37 hidden modules
[34mℹ[39m [90m｢wdm｣[39m: Compiled successfully.

> graph_notebook_widgets@3.2.0 start /Users/dbechbe/Documents/github/aws/graph-notebook/src/graph_notebook/widgets
> webpack-dev-server --config webpack.dev.config.js

[34mℹ[39m [90m｢wds｣[39m: Project is running at http://localhost:9000/
[34mℹ[39m [90m｢wds｣[39m: webpack output is served from /
[34mℹ[39m [90m｢wds｣[39m: Content not from webpack is served from /Users/dbechbe/Documents/github/aws/graph-notebook/src/graph_notebook/widgets/nbextension/static
[34mℹ[39m [90m｢wdm｣[39m: Hash: 9cf4835a7e28e26ff24dd73b45aac914f89fd11d
Version: webpack 4.43.0
Child
    Hash: 9cf4835a7e28e26ff24d
    Time: 5892ms
    Built at: 03/15/2022 2:47:45 PM
               Asset     Size  Chunks                   Chunk Names
        extension.js  386 KiB    main  [emitted]        main
    extension.js.map  438 KiB    main  [emitted] [dev]  main
    Entrypoint main = extension.js extension.js.map
    [0] multi (webpack)-dev-server/client?http://localhost:9000 (webpack)/hot/only-dev-server.js extension.dev.js 52 bytes {main} [built]
    [./node_modules/webpack-dev-server/client/index.js?http://localhost:9000] (webpack)-dev-server/client?http://localhost:9000 4.29 KiB {main} [built]
    [./node_modules/webpack-dev-server/client/overlay.js] (webpack)-dev-server/client/overlay.js 3.51 KiB {main} [built]
    [./node_modules/webpack-dev-server/client/socket.js] (webpack)-dev-server/client/socket.js 1.53 KiB {main} [built]
    [./node_modules/webpack-dev-server/client/utils/createSocketUrl.js] (webpack)-dev-server/client/utils/createSocketUrl.js 2.91 KiB {main} [built]
    [./node_modules/webpack-dev-server/client/utils/log.js] (webpack)-dev-server/client/utils/log.js 964 bytes {main} [built]
    [./node_modules/webpack-dev-server/client/utils/reloadApp.js] (webpack)-dev-server/client/utils/reloadApp.js 1.59 KiB {main} [built]
    [./node_modules/webpack-dev-server/client/utils/sendMessage.js] (webpack)-dev-server/client/utils/sendMessage.js 402 bytes {main} [built]
    [./node_modules/webpack-dev-server/node_modules/strip-ansi/index.js] (webpack)-dev-server/node_modules/strip-ansi/index.js 161 bytes {main} [built]
    [./node_modules/webpack/hot sync ^\.\/log$] (webpack)/hot sync nonrecursive ^\.\/log$ 170 bytes {main} [built]
    [./node_modules/webpack/hot/emitter.js] (webpack)/hot/emitter.js 75 bytes {main} [built]
    [./node_modules/webpack/hot/log-apply-result.js] (webpack)/hot/log-apply-result.js 1.27 KiB {main} [built]
    [./node_modules/webpack/hot/log.js] (webpack)/hot/log.js 1.34 KiB {main} [built]
    [./node_modules/webpack/hot/only-dev-server.js] (webpack)/hot/only-dev-server.js 2.52 KiB {main} [built]
    [./src/extension.dev.js] 391 bytes {main} [built]
        + 21 hidden modules
Child
    Hash: d73b45aac914f89fd11d
    Time: 7959ms
    Built at: 03/15/2022 2:47:48 PM
                               Asset       Size  Chunks                   Chunk Names
            ../../lib/extension.d.ts  114 bytes          [emitted]        
         ../../lib/force_widget.d.ts   9.82 KiB          [emitted]        
    ../../lib/force_widget.spec.d.ts   11 bytes          [emitted]        
                ../../lib/index.d.ts   59 bytes          [emitted]        
            ../../lib/index.dev.d.ts   59 bytes          [emitted]        
               ../../lib/plugin.d.ts  218 bytes          [emitted]        
                ../../lib/types.d.ts    6.3 KiB          [emitted]        
              ../../lib/version.d.ts  262 bytes          [emitted]        
                            index.js   3.49 MiB    main  [emitted]        main
                        index.js.map   4.23 MiB    main  [emitted] [dev]  main
    Entrypoint main = index.js index.js.map
    [0] multi (webpack)-dev-server/client?http://localhost:9000 (webpack)/hot/only-dev-server.js index.dev.ts 52 bytes {main} [built]
    [./node_modules/webpack-dev-server/client/index.js?http://localhost:9000] (webpack)-dev-server/client?http://localhost:9000 4.29 KiB {main} [built]
    [./node_modules/webpack-dev-server/client/overlay.js] (webpack)-dev-server/client/overlay.js 3.51 KiB {main} [built]
    [./node_modules/webpack-dev-server/client/socket.js] (webpack)-dev-server/client/socket.js 1.53 KiB {main} [built]
    [./node_modules/webpack-dev-server/client/utils/createSocketUrl.js] (webpack)-dev-server/client/utils/createSocketUrl.js 2.91 KiB {main} [built]
    [./node_modules/webpack-dev-server/client/utils/log.js] (webpack)-dev-server/client/utils/log.js 964 bytes {main} [built]
    [./node_modules/webpack-dev-server/client/utils/reloadApp.js] (webpack)-dev-server/client/utils/reloadApp.js 1.59 KiB {main} [built]
    [./node_modules/webpack-dev-server/client/utils/sendMessage.js] (webpack)-dev-server/client/utils/sendMessage.js 402 bytes {main} [built]
    [./node_modules/webpack-dev-server/node_modules/strip-ansi/index.js] (webpack)-dev-server/node_modules/strip-ansi/index.js 161 bytes {main} [built]
    [./node_modules/webpack/hot sync ^\.\/log$] (webpack)/hot sync nonrecursive ^\.\/log$ 170 bytes {main} [built]
    [./node_modules/webpack/hot/emitter.js] (webpack)/hot/emitter.js 75 bytes {main} [built]
    [./node_modules/webpack/hot/log-apply-result.js] (webpack)/hot/log-apply-result.js 1.27 KiB {main} [built]
    [./node_modules/webpack/hot/log.js] (webpack)/hot/log.js 1.34 KiB {main} [built]
    [./node_modules/webpack/hot/only-dev-server.js] (webpack)/hot/only-dev-server.js 2.52 KiB {main} [built]
    [./src/index.dev.ts] 459 bytes {main} [built]
        + 37 hidden modules
[34mℹ[39m [90m｢wdm｣[39m: Compiled successfully.

> graph_notebook_widgets@3.2.0 start /Users/dbechbe/Documents/github/aws/graph-notebook/src/graph_notebook/widgets
> webpack-dev-server --config webpack.dev.config.js

[34mℹ[39m [90m｢wds｣[39m: Project is running at http://localhost:9000/
[34mℹ[39m [90m｢wds｣[39m: webpack output is served from /
[34mℹ[39m [90m｢wds｣[39m: Content not from webpack is served from /Users/dbechbe/Documents/github/aws/graph-notebook/src/graph_notebook/widgets/nbextension/static
[34mℹ[39m [90m｢wdm｣[39m: Hash: 9cf4835a7e28e26ff24dd73b45aac914f89fd11d
Version: webpack 4.43.0
Child
    Hash: 9cf4835a7e28e26ff24d
    Time: 5211ms
    Built at: 03/15/2022 2:51:53 PM
               Asset     Size  Chunks                   Chunk Names
        extension.js  386 KiB    main  [emitted]        main
    extension.js.map  438 KiB    main  [emitted] [dev]  main
    Entrypoint main = extension.js extension.js.map
    [0] multi (webpack)-dev-server/client?http://localhost:9000 (webpack)/hot/only-dev-server.js extension.dev.js 52 bytes {main} [built]
    [./node_modules/webpack-dev-server/client/index.js?http://localhost:9000] (webpack)-dev-server/client?http://localhost:9000 4.29 KiB {main} [built]
    [./node_modules/webpack-dev-server/client/overlay.js] (webpack)-dev-server/client/overlay.js 3.51 KiB {main} [built]
    [./node_modules/webpack-dev-server/client/socket.js] (webpack)-dev-server/client/socket.js 1.53 KiB {main} [built]
    [./node_modules/webpack-dev-server/client/utils/createSocketUrl.js] (webpack)-dev-server/client/utils/createSocketUrl.js 2.91 KiB {main} [built]
    [./node_modules/webpack-dev-server/client/utils/log.js] (webpack)-dev-server/client/utils/log.js 964 bytes {main} [built]
    [./node_modules/webpack-dev-server/client/utils/reloadApp.js] (webpack)-dev-server/client/utils/reloadApp.js 1.59 KiB {main} [built]
    [./node_modules/webpack-dev-server/client/utils/sendMessage.js] (webpack)-dev-server/client/utils/sendMessage.js 402 bytes {main} [built]
    [./node_modules/webpack-dev-server/node_modules/strip-ansi/index.js] (webpack)-dev-server/node_modules/strip-ansi/index.js 161 bytes {main} [built]
    [./node_modules/webpack/hot sync ^\.\/log$] (webpack)/hot sync nonrecursive ^\.\/log$ 170 bytes {main} [built]
    [./node_modules/webpack/hot/emitter.js] (webpack)/hot/emitter.js 75 bytes {main} [built]
    [./node_modules/webpack/hot/log-apply-result.js] (webpack)/hot/log-apply-result.js 1.27 KiB {main} [built]
    [./node_modules/webpack/hot/log.js] (webpack)/hot/log.js 1.34 KiB {main} [built]
    [./node_modules/webpack/hot/only-dev-server.js] (webpack)/hot/only-dev-server.js 2.52 KiB {main} [built]
    [./src/extension.dev.js] 391 bytes {main} [built]
        + 21 hidden modules
Child
    Hash: d73b45aac914f89fd11d
    Time: 7875ms
    Built at: 03/15/2022 2:51:56 PM
                               Asset       Size  Chunks                   Chunk Names
            ../../lib/extension.d.ts  114 bytes          [emitted]        
         ../../lib/force_widget.d.ts   9.82 KiB          [emitted]        
    ../../lib/force_widget.spec.d.ts   11 bytes          [emitted]        
                ../../lib/index.d.ts   59 bytes          [emitted]        
            ../../lib/index.dev.d.ts   59 bytes          [emitted]        
               ../../lib/plugin.d.ts  218 bytes          [emitted]        
                ../../lib/types.d.ts    6.3 KiB          [emitted]        
              ../../lib/version.d.ts  262 bytes          [emitted]        
                            index.js   3.49 MiB    main  [emitted]        main
                        index.js.map   4.23 MiB    main  [emitted] [dev]  main
    Entrypoint main = index.js index.js.map
    [0] multi (webpack)-dev-server/client?http://localhost:9000 (webpack)/hot/only-dev-server.js index.dev.ts 52 bytes {main} [built]
    [./node_modules/webpack-dev-server/client/index.js?http://localhost:9000] (webpack)-dev-server/client?http://localhost:9000 4.29 KiB {main} [built]
    [./node_modules/webpack-dev-server/client/overlay.js] (webpack)-dev-server/client/overlay.js 3.51 KiB {main} [built]
    [./node_modules/webpack-dev-server/client/socket.js] (webpack)-dev-server/client/socket.js 1.53 KiB {main} [built]
    [./node_modules/webpack-dev-server/client/utils/createSocketUrl.js] (webpack)-dev-server/client/utils/createSocketUrl.js 2.91 KiB {main} [built]
    [./node_modules/webpack-dev-server/client/utils/log.js] (webpack)-dev-server/client/utils/log.js 964 bytes {main} [built]
    [./node_modules/webpack-dev-server/client/utils/reloadApp.js] (webpack)-dev-server/client/utils/reloadApp.js 1.59 KiB {main} [built]
    [./node_modules/webpack-dev-server/client/utils/sendMessage.js] (webpack)-dev-server/client/utils/sendMessage.js 402 bytes {main} [built]
    [./node_modules/webpack-dev-server/node_modules/strip-ansi/index.js] (webpack)-dev-server/node_modules/strip-ansi/index.js 161 bytes {main} [built]
    [./node_modules/webpack/hot sync ^\.\/log$] (webpack)/hot sync nonrecursive ^\.\/log$ 170 bytes {main} [built]
    [./node_modules/webpack/hot/emitter.js] (webpack)/hot/emitter.js 75 bytes {main} [built]
    [./node_modules/webpack/hot/log-apply-result.js] (webpack)/hot/log-apply-result.js 1.27 KiB {main} [built]
    [./node_modules/webpack/hot/log.js] (webpack)/hot/log.js 1.34 KiB {main} [built]
    [./node_modules/webpack/hot/only-dev-server.js] (webpack)/hot/only-dev-server.js 2.52 KiB {main} [built]
    [./src/index.dev.ts] 459 bytes {main} [built]
        + 37 hidden modules
[34mℹ[39m [90m｢wdm｣[39m: Compiled successfully.

> graph_notebook_widgets@3.2.0 start /Users/dbechbe/Documents/github/aws/graph-notebook/src/graph_notebook/widgets
> webpack-dev-server --config webpack.dev.config.js

[34mℹ[39m [90m｢wds｣[39m: Project is running at http://localhost:9000/
[34mℹ[39m [90m｢wds｣[39m: webpack output is served from /
[34mℹ[39m [90m｢wds｣[39m: Content not from webpack is served from /Users/dbechbe/Documents/github/aws/graph-notebook/src/graph_notebook/widgets/nbextension/static
[34mℹ[39m [90m｢wdm｣[39m: Hash: 9cf4835a7e28e26ff24dd73b45aac914f89fd11d
Version: webpack 4.43.0
Child
    Hash: 9cf4835a7e28e26ff24d
    Time: 4153ms
    Built at: 03/15/2022 3:21:14 PM
               Asset     Size  Chunks                   Chunk Names
        extension.js  386 KiB    main  [emitted]        main
    extension.js.map  438 KiB    main  [emitted] [dev]  main
    Entrypoint main = extension.js extension.js.map
    [0] multi (webpack)-dev-server/client?http://localhost:9000 (webpack)/hot/only-dev-server.js extension.dev.js 52 bytes {main} [built]
    [./node_modules/webpack-dev-server/client/index.js?http://localhost:9000] (webpack)-dev-server/client?http://localhost:9000 4.29 KiB {main} [built]
    [./node_modules/webpack-dev-server/client/overlay.js] (webpack)-dev-server/client/overlay.js 3.51 KiB {main} [built]
    [./node_modules/webpack-dev-server/client/socket.js] (webpack)-dev-server/client/socket.js 1.53 KiB {main} [built]
    [./node_modules/webpack-dev-server/client/utils/createSocketUrl.js] (webpack)-dev-server/client/utils/createSocketUrl.js 2.91 KiB {main} [built]
    [./node_modules/webpack-dev-server/client/utils/log.js] (webpack)-dev-server/client/utils/log.js 964 bytes {main} [built]
    [./node_modules/webpack-dev-server/client/utils/reloadApp.js] (webpack)-dev-server/client/utils/reloadApp.js 1.59 KiB {main} [built]
    [./node_modules/webpack-dev-server/client/utils/sendMessage.js] (webpack)-dev-server/client/utils/sendMessage.js 402 bytes {main} [built]
    [./node_modules/webpack-dev-server/node_modules/strip-ansi/index.js] (webpack)-dev-server/node_modules/strip-ansi/index.js 161 bytes {main} [built]
    [./node_modules/webpack/hot sync ^\.\/log$] (webpack)/hot sync nonrecursive ^\.\/log$ 170 bytes {main} [built]
    [./node_modules/webpack/hot/emitter.js] (webpack)/hot/emitter.js 75 bytes {main} [built]
    [./node_modules/webpack/hot/log-apply-result.js] (webpack)/hot/log-apply-result.js 1.27 KiB {main} [built]
    [./node_modules/webpack/hot/log.js] (webpack)/hot/log.js 1.34 KiB {main} [built]
    [./node_modules/webpack/hot/only-dev-server.js] (webpack)/hot/only-dev-server.js 2.52 KiB {main} [built]
    [./src/extension.dev.js] 391 bytes {main} [built]
        + 21 hidden modules
Child
    Hash: d73b45aac914f89fd11d
    Time: 5996ms
    Built at: 03/15/2022 3:21:16 PM
                               Asset       Size  Chunks                   Chunk Names
            ../../lib/extension.d.ts  114 bytes          [emitted]        
         ../../lib/force_widget.d.ts   9.82 KiB          [emitted]        
    ../../lib/force_widget.spec.d.ts   11 bytes          [emitted]        
                ../../lib/index.d.ts   59 bytes          [emitted]        
            ../../lib/index.dev.d.ts   59 bytes          [emitted]        
               ../../lib/plugin.d.ts  218 bytes          [emitted]        
                ../../lib/types.d.ts    6.3 KiB          [emitted]        
              ../../lib/version.d.ts  262 bytes          [emitted]        
                            index.js   3.49 MiB    main  [emitted]        main
                        index.js.map   4.23 MiB    main  [emitted] [dev]  main
    Entrypoint main = index.js index.js.map
    [0] multi (webpack)-dev-server/client?http://localhost:9000 (webpack)/hot/only-dev-server.js index.dev.ts 52 bytes {main} [built]
    [./node_modules/webpack-dev-server/client/index.js?http://localhost:9000] (webpack)-dev-server/client?http://localhost:9000 4.29 KiB {main} [built]
    [./node_modules/webpack-dev-server/client/overlay.js] (webpack)-dev-server/client/overlay.js 3.51 KiB {main} [built]
    [./node_modules/webpack-dev-server/client/socket.js] (webpack)-dev-server/client/socket.js 1.53 KiB {main} [built]
    [./node_modules/webpack-dev-server/client/utils/createSocketUrl.js] (webpack)-dev-server/client/utils/createSocketUrl.js 2.91 KiB {main} [built]
    [./node_modules/webpack-dev-server/client/utils/log.js] (webpack)-dev-server/client/utils/log.js 964 bytes {main} [built]
    [./node_modules/webpack-dev-server/client/utils/reloadApp.js] (webpack)-dev-server/client/utils/reloadApp.js 1.59 KiB {main} [built]
    [./node_modules/webpack-dev-server/client/utils/sendMessage.js] (webpack)-dev-server/client/utils/sendMessage.js 402 bytes {main} [built]
    [./node_modules/webpack-dev-server/node_modules/strip-ansi/index.js] (webpack)-dev-server/node_modules/strip-ansi/index.js 161 bytes {main} [built]
    [./node_modules/webpack/hot sync ^\.\/log$] (webpack)/hot sync nonrecursive ^\.\/log$ 170 bytes {main} [built]
    [./node_modules/webpack/hot/emitter.js] (webpack)/hot/emitter.js 75 bytes {main} [built]
    [./node_modules/webpack/hot/log-apply-result.js] (webpack)/hot/log-apply-result.js 1.27 KiB {main} [built]
    [./node_modules/webpack/hot/log.js] (webpack)/hot/log.js 1.34 KiB {main} [built]
    [./node_modules/webpack/hot/only-dev-server.js] (webpack)/hot/only-dev-server.js 2.52 KiB {main} [built]
    [./src/index.dev.ts] 459 bytes {main} [built]
        + 37 hidden modules
[34mℹ[39m [90m｢wdm｣[39m: Compiled successfully.

> graph_notebook_widgets@3.2.0 start /Users/dbechbe/Documents/github/aws/graph-notebook/src/graph_notebook/widgets
> webpack-dev-server --config webpack.dev.config.js

[34mℹ[39m [90m｢wds｣[39m: Project is running at http://localhost:9000/
[34mℹ[39m [90m｢wds｣[39m: webpack output is served from /
[34mℹ[39m [90m｢wds｣[39m: Content not from webpack is served from /Users/dbechbe/Documents/github/aws/graph-notebook/src/graph_notebook/widgets/nbextension/static
[34mℹ[39m [90m｢wdm｣[39m: Hash: 9cf4835a7e28e26ff24dd73b45aac914f89fd11d
Version: webpack 4.43.0
Child
    Hash: 9cf4835a7e28e26ff24d
    Time: 4082ms
    Built at: 03/15/2022 3:42:12 PM
               Asset     Size  Chunks                   Chunk Names
        extension.js  386 KiB    main  [emitted]        main
    extension.js.map  438 KiB    main  [emitted] [dev]  main
    Entrypoint main = extension.js extension.js.map
    [0] multi (webpack)-dev-server/client?http://localhost:9000 (webpack)/hot/only-dev-server.js extension.dev.js 52 bytes {main} [built]
    [./node_modules/webpack-dev-server/client/index.js?http://localhost:9000] (webpack)-dev-server/client?http://localhost:9000 4.29 KiB {main} [built]
    [./node_modules/webpack-dev-server/client/overlay.js] (webpack)-dev-server/client/overlay.js 3.51 KiB {main} [built]
    [./node_modules/webpack-dev-server/client/socket.js] (webpack)-dev-server/client/socket.js 1.53 KiB {main} [built]
    [./node_modules/webpack-dev-server/client/utils/createSocketUrl.js] (webpack)-dev-server/client/utils/createSocketUrl.js 2.91 KiB {main} [built]
    [./node_modules/webpack-dev-server/client/utils/log.js] (webpack)-dev-server/client/utils/log.js 964 bytes {main} [built]
    [./node_modules/webpack-dev-server/client/utils/reloadApp.js] (webpack)-dev-server/client/utils/reloadApp.js 1.59 KiB {main} [built]
    [./node_modules/webpack-dev-server/client/utils/sendMessage.js] (webpack)-dev-server/client/utils/sendMessage.js 402 bytes {main} [built]
    [./node_modules/webpack-dev-server/node_modules/strip-ansi/index.js] (webpack)-dev-server/node_modules/strip-ansi/index.js 161 bytes {main} [built]
    [./node_modules/webpack/hot sync ^\.\/log$] (webpack)/hot sync nonrecursive ^\.\/log$ 170 bytes {main} [built]
    [./node_modules/webpack/hot/emitter.js] (webpack)/hot/emitter.js 75 bytes {main} [built]
    [./node_modules/webpack/hot/log-apply-result.js] (webpack)/hot/log-apply-result.js 1.27 KiB {main} [built]
    [./node_modules/webpack/hot/log.js] (webpack)/hot/log.js 1.34 KiB {main} [built]
    [./node_modules/webpack/hot/only-dev-server.js] (webpack)/hot/only-dev-server.js 2.52 KiB {main} [built]
    [./src/extension.dev.js] 391 bytes {main} [built]
        + 21 hidden modules
Child
    Hash: d73b45aac914f89fd11d
    Time: 5943ms
    Built at: 03/15/2022 3:42:14 PM
                               Asset       Size  Chunks                   Chunk Names
            ../../lib/extension.d.ts  114 bytes          [emitted]        
         ../../lib/force_widget.d.ts   9.82 KiB          [emitted]        
    ../../lib/force_widget.spec.d.ts   11 bytes          [emitted]        
                ../../lib/index.d.ts   59 bytes          [emitted]        
            ../../lib/index.dev.d.ts   59 bytes          [emitted]        
               ../../lib/plugin.d.ts  218 bytes          [emitted]        
                ../../lib/types.d.ts    6.3 KiB          [emitted]        
              ../../lib/version.d.ts  262 bytes          [emitted]        
                            index.js   3.49 MiB    main  [emitted]        main
                        index.js.map   4.23 MiB    main  [emitted] [dev]  main
    Entrypoint main = index.js index.js.map
    [0] multi (webpack)-dev-server/client?http://localhost:9000 (webpack)/hot/only-dev-server.js index.dev.ts 52 bytes {main} [built]
    [./node_modules/webpack-dev-server/client/index.js?http://localhost:9000] (webpack)-dev-server/client?http://localhost:9000 4.29 KiB {main} [built]
    [./node_modules/webpack-dev-server/client/overlay.js] (webpack)-dev-server/client/overlay.js 3.51 KiB {main} [built]
    [./node_modules/webpack-dev-server/client/socket.js] (webpack)-dev-server/client/socket.js 1.53 KiB {main} [built]
    [./node_modules/webpack-dev-server/client/utils/createSocketUrl.js] (webpack)-dev-server/client/utils/createSocketUrl.js 2.91 KiB {main} [built]
    [./node_modules/webpack-dev-server/client/utils/log.js] (webpack)-dev-server/client/utils/log.js 964 bytes {main} [built]
    [./node_modules/webpack-dev-server/client/utils/reloadApp.js] (webpack)-dev-server/client/utils/reloadApp.js 1.59 KiB {main} [built]
    [./node_modules/webpack-dev-server/client/utils/sendMessage.js] (webpack)-dev-server/client/utils/sendMessage.js 402 bytes {main} [built]
    [./node_modules/webpack-dev-server/node_modules/strip-ansi/index.js] (webpack)-dev-server/node_modules/strip-ansi/index.js 161 bytes {main} [built]
    [./node_modules/webpack/hot sync ^\.\/log$] (webpack)/hot sync nonrecursive ^\.\/log$ 170 bytes {main} [built]
    [./node_modules/webpack/hot/emitter.js] (webpack)/hot/emitter.js 75 bytes {main} [built]
    [./node_modules/webpack/hot/log-apply-result.js] (webpack)/hot/log-apply-result.js 1.27 KiB {main} [built]
    [./node_modules/webpack/hot/log.js] (webpack)/hot/log.js 1.34 KiB {main} [built]
    [./node_modules/webpack/hot/only-dev-server.js] (webpack)/hot/only-dev-server.js 2.52 KiB {main} [built]
    [./src/index.dev.ts] 459 bytes {main} [built]
        + 37 hidden modules
[34mℹ[39m [90m｢wdm｣[39m: Compiled successfully.
npm ERR! missing script: start

npm ERR! A complete log of this run can be found in:
npm ERR!     /Users/dbechbe/.npm/_logs/2022-04-08T22_59_56_622Z-debug.log
npm ERR! missing script: start

npm ERR! A complete log of this run can be found in:
npm ERR!     /Users/dbechbe/.npm/_logs/2022-04-08T23_30_43_510Z-debug.log
npm ERR! missing script: start

npm ERR! A complete log of this run can be found in:
npm ERR!     /Users/dbechbe/.npm/_logs/2022-04-08T23_53_29_406Z-debug.log
npm ERR! missing script: start

npm ERR! A complete log of this run can be found in:
npm ERR!     /Users/dbechbe/.npm/_logs/2022-04-09T00_04_46_873Z-debug.log
npm ERR! missing script: start

npm ERR! A complete log of this run can be found in:
npm ERR!     /Users/dbechbe/.npm/_logs/2022-04-09T00_09_11_482Z-debug.log
npm ERR! missing script: start

npm ERR! A complete log of this run can be found in:
npm ERR!     /Users/dbechbe/.npm/_logs/2022-04-09T00_16_41_313Z-debug.log
npm ERR! missing script: start

npm ERR! A complete log of this run can be found in:
npm ERR!     /Users/dbechbe/.npm/_logs/2022-04-09T00_24_18_193Z-debug.log
npm ERR! missing script: start

npm ERR! A complete log of this run can be found in:
npm ERR!     /Users/dbechbe/.npm/_logs/2022-04-09T00_27_12_259Z-debug.log
npm ERR! missing script: start

npm ERR! A complete log of this run can be found in:
npm ERR!     /Users/dbechbe/.npm/_logs/2022-05-05T16_24_02_222Z-debug.log
npm ERR! missing script: start

npm ERR! A complete log of this run can be found in:
npm ERR!     /Users/dbechbe/.npm/_logs/2022-06-20T21_17_57_271Z-debug.log
npm ERR! missing script: start

npm ERR! A complete log of this run can be found in:
npm ERR!     /Users/dbechbe/.npm/_logs/2022-06-22T23_57_17_372Z-debug.log
npm ERR! missing script: start

npm ERR! A complete log of this run can be found in:
npm ERR!     /Users/dbechbe/.npm/_logs/2022-06-23T00_05_37_707Z-debug.log
npm ERR! Missing script: "start"
npm ERR! 
npm ERR! Did you mean one of these?
npm ERR!     npm star # Mark your favorite packages
npm ERR!     npm stars # View packages marked as favorites
npm ERR! 
npm ERR! To see a list of scripts, run:
npm ERR!   npm run

npm ERR! A complete log of this run can be found in:
npm ERR!     /Users/dbechbe/.npm/_logs/2022-08-30T18_54_00_421Z-debug.log
npm ERR! Missing script: "start"
npm ERR! 
npm ERR! Did you mean one of these?
npm ERR!     npm star # Mark your favorite packages
npm ERR!     npm stars # View packages marked as favorites
npm ERR! 
npm ERR! To see a list of scripts, run:
npm ERR!   npm run

npm ERR! A complete log of this run can be found in:
npm ERR!     /Users/dbechbe/.npm/_logs/2022-12-16T22_13_27_201Z-debug.log
npm ERR! Missing script: "start"
npm ERR! 
npm ERR! Did you mean one of these?
npm ERR!     npm star # Mark your favorite packages
npm ERR!     npm stars # View packages marked as favorites
npm ERR! 
npm ERR! To see a list of scripts, run:
npm ERR!   npm run

npm ERR! A complete log of this run can be found in:
npm ERR!     /Users/dbechbe/.npm/_logs/2022-12-20T18_25_00_851Z-debug.log
npm ERR! Missing script: "start"
npm ERR! 
npm ERR! Did you mean one of these?
npm ERR!     npm star # Mark your favorite packages
npm ERR!     npm stars # View packages marked as favorites
npm ERR! 
npm ERR! To see a list of scripts, run:
npm ERR!   npm run

npm ERR! A complete log of this run can be found in:
npm ERR!     /Users/dbechbe/.npm/_logs/2023-01-17T17_44_03_719Z-debug.log
npm ERR! Missing script: "start"
npm ERR! 
npm ERR! Did you mean one of these?
npm ERR!     npm star # Mark your favorite packages
npm ERR!     npm stars # View packages marked as favorites
npm ERR! 
npm ERR! To see a list of scripts, run:
npm ERR!   npm run

npm ERR! A complete log of this run can be found in:
npm ERR!     /Users/dbechbe/.npm/_logs/2023-01-17T18_08_57_014Z-debug.log
npm ERR! Missing script: "start"
npm ERR! 
npm ERR! Did you mean one of these?
npm ERR!     npm star # Mark your favorite packages
npm ERR!     npm stars # View packages marked as favorites
npm ERR! 
npm ERR! To see a list of scripts, run:
npm ERR!   npm run

npm ERR! A complete log of this run can be found in:
npm ERR!     /Users/dbechbe/.npm/_logs/2023-01-18T19_53_11_365Z-debug.log
npm ERR! Missing script: "start"
npm ERR! 
npm ERR! Did you mean one of these?
npm ERR!     npm star # Mark your favorite packages
npm ERR!     npm stars # View packages marked as favorites
npm ERR! 
npm ERR! To see a list of scripts, run:
npm ERR!   npm run

npm ERR! A complete log of this run can be found in:
npm ERR!     /Users/dbechbe/.npm/_logs/2023-01-18T21_44_46_310Z-debug.log
npm ERR! Missing script: "start"
npm ERR! 
npm ERR! Did you mean one of these?
npm ERR!     npm star # Mark your favorite packages
npm ERR!     npm stars # View packages marked as favorites
npm ERR! 
npm ERR! To see a list of scripts, run:
npm ERR!   npm run

npm ERR! A complete log of this run can be found in:
npm ERR!     /Users/dbechbe/.npm/_logs/2023-02-07T21_34_11_485Z-debug.log
npm ERR! Missing script: "start"
npm ERR! 
npm ERR! Did you mean one of these?
npm ERR!     npm star # Mark your favorite packages
npm ERR!     npm stars # View packages marked as favorites
npm ERR! 
npm ERR! To see a list of scripts, run:
npm ERR!   npm run

npm ERR! A complete log of this run can be found in:
npm ERR!     /Users/dbechbe/.npm/_logs/2023-02-07T21_54_27_908Z-debug.log
